[debug] [2021-11-12T14:22:55.611Z] ----------------------------------------------------------------------
[debug] [2021-11-12T14:22:55.613Z] Command:       C:\Program Files\nodejs\node.exe C:\Users\shachi.rai\AppData\Roaming\npm\node_modules\firebase-tools\lib\bin\firebase.js emulators:start
[debug] [2021-11-12T14:22:55.614Z] CLI Version:   9.22.0
[debug] [2021-11-12T14:22:55.614Z] Platform:      win32
[debug] [2021-11-12T14:22:55.614Z] Node Version:  v14.16.0
[debug] [2021-11-12T14:22:55.616Z] Time:          Fri Nov 12 2021 19:52:55 GMT+0530 (India Standard Time)
[debug] [2021-11-12T14:22:55.617Z] ----------------------------------------------------------------------
[debug] 
[debug] [2021-11-12T14:22:55.692Z] > command requires scopes: ["email","openid","https://www.googleapis.com/auth/cloudplatformprojects.readonly","https://www.googleapis.com/auth/firebase","https://www.googleapis.com/auth/cloud-platform"]
[debug] [2021-11-12T14:22:55.692Z] > authorizing via signed-in user (shachirai27@gmail.com)
[info] i  emulators: Starting emulators: functions, hosting {"metadata":{"emulator":{"name":"hub"},"message":"Starting emulators: functions, hosting"}}
[debug] [2021-11-12T14:22:55.719Z] [hub] writing locator at C:\Users\shachi.rai\AppData\Local\Temp\hub-clone-a9821.json
[warn] !  functions: The following emulators are not running, calls to these services from the Functions emulator will affect production: auth, firestore, database, pubsub, storage {"metadata":{"emulator":{"name":"functions"},"message":"The following emulators are not running, calls to these services from the Functions emulator will affect production: \u001b[1mauth, firestore, database, pubsub, storage\u001b[22m"}}
[info] +  functions: Using node@14 from host. {"metadata":{"emulator":{"name":"functions"},"message":"Using node@14 from host."}}
[debug] [2021-11-12T14:22:55.770Z] defaultcredentials: writing to file C:\Users\shachi.rai\AppData\Roaming\firebase\shachirai27_gmail_com_application_default_credentials.json
[debug] [2021-11-12T14:22:55.772Z] Setting GAC to C:\Users\shachi.rai\AppData\Roaming\firebase\shachirai27_gmail_com_application_default_credentials.json {"metadata":{"emulator":{"name":"functions"},"message":"Setting GAC to C:\\Users\\shachi.rai\\AppData\\Roaming\\firebase\\shachirai27_gmail_com_application_default_credentials.json"}}
[debug] [2021-11-12T14:22:55.776Z] > refreshing access token with scopes: []
[debug] [2021-11-12T14:22:55.777Z] >>> HTTP REQUEST POST https://www.googleapis.com/oauth2/v3/token  
 <request body omitted>
[debug] [2021-11-12T14:22:56.250Z] <<< HTTP RESPONSE 200 {"expires":"Mon, 01 Jan 1990 00:00:00 GMT","date":"Fri, 12 Nov 2021 14:25:42 GMT","cache-control":"no-cache, no-store, max-age=0, must-revalidate","pragma":"no-cache","content-type":"application/json; charset=utf-8","vary":"X-Origin, Referer, Origin,Accept-Encoding","server":"scaffolding on HTTPServer2","x-xss-protection":"0","x-frame-options":"SAMEORIGIN","x-content-type-options":"nosniff","alt-svc":"clear","accept-ranges":"none","transfer-encoding":"chunked"}
